Arguments: 
  /usr/bin/node /usr/share/yarn/bin/yarn.js init

PATH: 
  /home/oem/.rbenv/shims:/home/oem/.rbenv/bin:/home/oem/.rbenv/bin:/home/oem/.rbenv/bin:/usr/local/sbin:/usr/local/bin:/usr/sbin:/usr/bin:/sbin:/bin:/usr/games:/usr/local/games:/snap/bin:/snap/bin:/home/oem/.rvm/bin:/home/oem/.rvm/bin

Yarn version: 
  1.22.19

Node version: 
  12.22.9

Platform: 
  linux x64

Trace: 
  Error: canceled
      at Interface.<anonymous> (/usr/share/yarn/lib/cli.js:137150:13)
      at Interface.emit (events.js:314:20)
      at Interface._ttyWrite (readline.js:868:16)
      at ReadStream.onkeypress (readline.js:205:10)
      at ReadStream.emit (events.js:314:20)
      at emitKeys (internal/readline/utils.js:335:14)
      at emitKeys.next (<anonymous>)
      at ReadStream.onData (readline.js:1137:36)
      at ReadStream.emit (events.js:314:20)
      at addChunk (_stream_readable.js:297:12)

npm manifest: 
  {
  
    "name": "onlineexam",
  
    "private": "true",
  
    "dependencies": {
  
      "@hotwired/stimulus": "^3.0.1",
  
      "@hotwired/turbo-rails": "^7.1.1",
  
      "@popperjs/core": "^2.11.4",
  
      "bootstrap": "^5.1.3",
  
      "bootstrap-icons": "^1.8.1",
  
      "esbuild": "^0.14.27",
  
      "sass": "^1.49.9"
  
    },
  
    "scripts": {
  
      "build": "esbuild app/javascript/. --bundle --sourcemap --outdir=app/assets/builds",
  
      "build:css": "sass ./app/assets/stylesheets/application.bootstrap.scss ./app/assets/builds/application.css --no-source-map --load-path=node_modules"
  
    }
  
  }

yarn manifest: 
  No manifest

Lockfile: 
  # THIS IS AN AUTOGENERATED FILE. DO NOT EDIT THIS FILE DIRECTLY.
  # yarn lockfile v1
